0 info it worked if it ends with ok
1 verbose cli [ '/usr/bin/node', '/usr/bin/npm', 'install', '-g', 'meteorite' ]
2 info using npm@1.4.21
3 info using node@v0.10.30
4 verbose node symlink /usr/bin/node
5 verbose cache add [ 'meteorite', null ]
6 verbose cache add name=undefined spec="meteorite" args=["meteorite",null]
7 verbose parsed url { protocol: null,
7 verbose parsed url   slashes: null,
7 verbose parsed url   auth: null,
7 verbose parsed url   host: null,
7 verbose parsed url   port: null,
7 verbose parsed url   hostname: null,
7 verbose parsed url   hash: null,
7 verbose parsed url   search: null,
7 verbose parsed url   query: null,
7 verbose parsed url   pathname: 'meteorite',
7 verbose parsed url   path: 'meteorite',
7 verbose parsed url   href: 'meteorite' }
8 silly lockFile 8f2f99a9-meteorite meteorite
9 verbose lock meteorite /home/lehaoson/.npm/8f2f99a9-meteorite.lock
10 silly lockFile 8f2f99a9-meteorite meteorite
11 silly lockFile 8f2f99a9-meteorite meteorite
12 verbose addNamed [ 'meteorite', '' ]
13 verbose addNamed [ null, '*' ]
14 silly lockFile bf6d5fee-meteorite meteorite@
15 verbose lock meteorite@ /home/lehaoson/.npm/bf6d5fee-meteorite.lock
16 silly addNameRange { name: 'meteorite', range: '*', hasData: false }
17 verbose request where is /meteorite
18 verbose request registry https://registry.npmjs.org/
19 verbose request id 5b14bb3140fd9f8c
20 verbose url raw /meteorite
21 verbose url resolving [ 'https://registry.npmjs.org/', './meteorite' ]
22 verbose url resolved https://registry.npmjs.org/meteorite
23 verbose request where is https://registry.npmjs.org/meteorite
24 info trying registry request attempt 1 at 03:45:00
25 http GET https://registry.npmjs.org/meteorite
26 http 200 https://registry.npmjs.org/meteorite
27 silly registry.get cb [ 200,
27 silly registry.get   { date: 'Sat, 16 Aug 2014 20:45:02 GMT',
27 silly registry.get     server: 'CouchDB/1.5.0 (Erlang OTP/R16B03)',
27 silly registry.get     etag: '"78A0MG4MIYQ2JZWOZIK175AM4"',
27 silly registry.get     'content-type': 'application/json',
27 silly registry.get     'cache-control': 'max-age=60',
27 silly registry.get     'content-length': '88605',
27 silly registry.get     'accept-ranges': 'bytes',
27 silly registry.get     via: '1.1 varnish',
27 silly registry.get     age: '1',
27 silly registry.get     'x-served-by': 'cache-hk91-HKG',
27 silly registry.get     'x-cache': 'MISS',
27 silly registry.get     'x-cache-hits': '0',
27 silly registry.get     'x-timer': 'S1408221900.718015,VS0,VE1709',
27 silly registry.get     vary: 'Accept',
27 silly registry.get     'keep-alive': 'timeout=10, max=50',
27 silly registry.get     connection: 'Keep-Alive' } ]
28 silly addNameRange number 2 { name: 'meteorite', range: '*', hasData: true }
29 silly addNameRange versions [ 'meteorite',
29 silly addNameRange   [ '0.0.1',
29 silly addNameRange     '0.0.2',
29 silly addNameRange     '0.0.3',
29 silly addNameRange     '0.0.4',
29 silly addNameRange     '0.0.5',
29 silly addNameRange     '0.0.6',
29 silly addNameRange     '0.0.7',
29 silly addNameRange     '0.0.8',
29 silly addNameRange     '0.0.9',
29 silly addNameRange     '0.0.10',
29 silly addNameRange     '0.0.11',
29 silly addNameRange     '0.0.12',
29 silly addNameRange     '0.0.13',
29 silly addNameRange     '0.0.14',
29 silly addNameRange     '0.0.15',
29 silly addNameRange     '0.0.16',
29 silly addNameRange     '0.0.17',
29 silly addNameRange     '0.0.18',
29 silly addNameRange     '0.0.19',
29 silly addNameRange     '0.1.0',
29 silly addNameRange     '0.1.1',
29 silly addNameRange     '0.2.0',
29 silly addNameRange     '0.2.1',
29 silly addNameRange     '0.2.2',
29 silly addNameRange     '0.3.0',
29 silly addNameRange     '0.3.1',
29 silly addNameRange     '0.3.3',
29 silly addNameRange     '0.4.0',
29 silly addNameRange     '0.4.1',
29 silly addNameRange     '0.4.2',
29 silly addNameRange     '0.4.3',
29 silly addNameRange     '0.4.4',
29 silly addNameRange     '0.4.5',
29 silly addNameRange     '0.4.6',
29 silly addNameRange     '0.4.7',
29 silly addNameRange     '0.4.8',
29 silly addNameRange     '0.4.9',
29 silly addNameRange     '0.5.0',
29 silly addNameRange     '0.5.1',
29 silly addNameRange     '0.6.0',
29 silly addNameRange     '0.6.1',
29 silly addNameRange     '0.6.2',
29 silly addNameRange     '0.6.3',
29 silly addNameRange     '0.6.4',
29 silly addNameRange     '0.6.5',
29 silly addNameRange     '0.6.6',
29 silly addNameRange     '0.6.7',
29 silly addNameRange     '0.6.8',
29 silly addNameRange     '0.6.9',
29 silly addNameRange     '0.6.10',
29 silly addNameRange     '0.6.11',
29 silly addNameRange     '0.6.12',
29 silly addNameRange     '0.6.13',
29 silly addNameRange     '0.6.14',
29 silly addNameRange     '0.6.15',
29 silly addNameRange     '0.6.16',
29 silly addNameRange     '0.7.0',
29 silly addNameRange     '0.7.1',
29 silly addNameRange     '0.7.2',
29 silly addNameRange     '0.7.3',
29 silly addNameRange     '0.7.4',
29 silly addNameRange     '0.7.5',
29 silly addNameRange     '0.7.6',
29 silly addNameRange     '0.7.7',
29 silly addNameRange     '0.7.8' ] ]
30 verbose addNamed [ 'meteorite', '0.7.8' ]
31 verbose addNamed [ '0.7.8', '0.7.8' ]
32 silly lockFile 43c0461a-meteorite-0-7-8 meteorite@0.7.8
33 verbose lock meteorite@0.7.8 /home/lehaoson/.npm/43c0461a-meteorite-0-7-8.lock
34 silly lockFile 667ca9ca-rg-meteorite-meteorite-0-7-8-tgz https://registry.npmjs.org/meteorite/-/meteorite-0.7.8.tgz
35 verbose lock https://registry.npmjs.org/meteorite/-/meteorite-0.7.8.tgz /home/lehaoson/.npm/667ca9ca-rg-meteorite-meteorite-0-7-8-tgz.lock
36 verbose addRemoteTarball [ 'https://registry.npmjs.org/meteorite/-/meteorite-0.7.8.tgz',
36 verbose addRemoteTarball   '4f8b45657b4cdaace1db479cede75420d72d7802' ]
37 info retry fetch attempt 1 at 03:45:02
38 verbose fetch to= /tmp/npm-6697-TzHK6by3/registry.npmjs.org/meteorite/-/meteorite-0.7.8.tgz
39 http GET https://registry.npmjs.org/meteorite/-/meteorite-0.7.8.tgz
40 http 200 https://registry.npmjs.org/meteorite/-/meteorite-0.7.8.tgz
41 silly lockFile 667ca9ca-rg-meteorite-meteorite-0-7-8-tgz https://registry.npmjs.org/meteorite/-/meteorite-0.7.8.tgz
42 silly lockFile 667ca9ca-rg-meteorite-meteorite-0-7-8-tgz https://registry.npmjs.org/meteorite/-/meteorite-0.7.8.tgz
43 silly lockFile 43c0461a-meteorite-0-7-8 meteorite@0.7.8
44 silly lockFile 43c0461a-meteorite-0-7-8 meteorite@0.7.8
45 silly lockFile bf6d5fee-meteorite meteorite@
46 silly lockFile bf6d5fee-meteorite meteorite@
47 silly resolved [ { name: 'meteorite',
47 silly resolved     version: '0.7.8',
47 silly resolved     homepage: 'http://oortcloud.github.com/meteorite',
47 silly resolved     engines: [ 'node >=0.8.0' ],
47 silly resolved     description: 'Installer & smart package manager for Meteor',
47 silly resolved     author:
47 silly resolved      { name: 'Tom Coleman',
47 silly resolved        email: 'tom@percolatestudio.com',
47 silly resolved        url: 'http://percolatestudio.com' },
47 silly resolved     dependencies:
47 silly resolved      { ddp: '>=0.3.1 <0.5.0',
47 silly resolved        underscore: '1.3.3',
47 silly resolved        wrench: '1.3.9',
47 silly resolved        fstream: '>=0.1.18',
47 silly resolved        optimist: '>=0.3.4',
47 silly resolved        prompt: '0.2.11',
47 silly resolved        colors: '0.6.0-1',
47 silly resolved        async: '0.2.9',
47 silly resolved        rolling_timeout_exec: '>=0.0.1' },
47 silly resolved     devDependencies: { mocha: '>=1.2.2', connect: '>=2.3.6', which: '>=1.0.5' },
47 silly resolved     scripts:
47 silly resolved      { test: 'mocha spec/unit spec/acceptance -t 240000 -R spec',
47 silly resolved        flushcache: 'rm -rf spec/support/cache',
47 silly resolved        postinstall: 'sh ./completions/postinstall.sh' },
47 silly resolved     repository:
47 silly resolved      { type: 'git',
47 silly resolved        url: 'https://github.com/oortcloud/meteorite.git' },
47 silly resolved     bin: { mrt: './bin/mrt.js' },
47 silly resolved     gitHead: '14729188b2d126f79387afcf85d1f992ea5ed046',
47 silly resolved     bugs: { url: 'https://github.com/oortcloud/meteorite/issues' },
47 silly resolved     _id: 'meteorite@0.7.8',
47 silly resolved     _shasum: '4f8b45657b4cdaace1db479cede75420d72d7802',
47 silly resolved     _from: 'meteorite@',
47 silly resolved     _npmVersion: '1.4.14',
47 silly resolved     _npmUser: { name: 'tmeasday', email: 'tom@percolatestudio.com' },
47 silly resolved     maintainers: [ [Object], [Object] ],
47 silly resolved     dist:
47 silly resolved      { shasum: '4f8b45657b4cdaace1db479cede75420d72d7802',
47 silly resolved        tarball: 'http://registry.npmjs.org/meteorite/-/meteorite-0.7.8.tgz' },
47 silly resolved     directories: {},
47 silly resolved     _resolved: 'https://registry.npmjs.org/meteorite/-/meteorite-0.7.8.tgz' } ]
48 info install meteorite@0.7.8 into /usr/lib
49 info installOne meteorite@0.7.8
50 verbose lib/node_modules/meteorite unbuild
51 verbose tar unpack /home/lehaoson/.npm/meteorite/0.7.8/package.tgz
52 silly lockFile 9d3cae6b-r-usr-lib-node-modules-meteorite tar:///usr/lib/node_modules/meteorite
53 verbose lock tar:///usr/lib/node_modules/meteorite /home/lehaoson/.npm/9d3cae6b-r-usr-lib-node-modules-meteorite.lock
54 silly lockFile 06b42ac0--npm-meteorite-0-7-8-package-tgz tar:///home/lehaoson/.npm/meteorite/0.7.8/package.tgz
55 verbose lock tar:///home/lehaoson/.npm/meteorite/0.7.8/package.tgz /home/lehaoson/.npm/06b42ac0--npm-meteorite-0-7-8-package-tgz.lock
56 silly gunzTarPerm modes [ '775', '664' ]
57 error Error: EACCES, mkdir '/usr/lib/node_modules/meteorite'
57 error  { [Error: EACCES, mkdir '/usr/lib/node_modules/meteorite']
57 error   errno: 3,
57 error   code: 'EACCES',
57 error   path: '/usr/lib/node_modules/meteorite',
57 error   fstream_type: 'Directory',
57 error   fstream_path: '/usr/lib/node_modules/meteorite',
57 error   fstream_class: 'DirWriter',
57 error   fstream_stack:
57 error    [ '/usr/lib/node_modules/npm/node_modules/fstream/lib/dir-writer.js:36:23',
57 error      '/usr/lib/node_modules/npm/node_modules/mkdirp/index.js:37:53',
57 error      'Object.oncomplete (fs.js:107:15)' ] }
58 error Please try running this command again as root/Administrator.
59 error System Linux 3.13.0-32-generic
60 error command "/usr/bin/node" "/usr/bin/npm" "install" "-g" "meteorite"
61 error cwd /home/lehaoson/Projects/Sky5
62 error node -v v0.10.30
63 error npm -v 1.4.21
64 error path /usr/lib/node_modules/meteorite
65 error fstream_path /usr/lib/node_modules/meteorite
66 error fstream_type Directory
67 error fstream_class DirWriter
68 error code EACCES
69 error errno 3
70 error stack Error: EACCES, mkdir '/usr/lib/node_modules/meteorite'
71 error fstream_stack /usr/lib/node_modules/npm/node_modules/fstream/lib/dir-writer.js:36:23
71 error fstream_stack /usr/lib/node_modules/npm/node_modules/mkdirp/index.js:37:53
71 error fstream_stack Object.oncomplete (fs.js:107:15)
72 verbose exit [ 3, true ]
